# JRE version: OpenJDK Runtime Environment (8.0_112-b06) (build 1.8.0_112-release-b06)
# Java VM: OpenJDK 64-Bit Server VM (25.112-b06 mixed mode windows-amd64 compressed oops)
Heap:
 PSYoungGen      total 315904K, used 231753K [0x00000000e0000000, 0x00000000fd180000, 0x0000000100000000)
  eden space 290816K, 79% used [0x00000000e0000000,0x00000000ee2525c0,0x00000000f1c00000)
  from space 25088K, 0% used [0x00000000f1c00000,0x00000000f1c00000,0x00000000f3480000)
  to   space 32768K, 0% used [0x00000000fb180000,0x00000000fb180000,0x00000000fd180000)
 ParOldGen       total 132608K, used 54011K [0x00000000a0000000, 0x00000000a8180000, 0x00000000e0000000)
  object space 132608K, 40% used [0x00000000a0000000,0x00000000a34beed0,0x00000000a8180000)
 Metaspace       used 58848K, capacity 61550K, committed 61656K, reserved 1101824K
  class space    used 7870K, capacity 8384K, committed 8408K, reserved 1048576K
GC Heap History (10 events):
Event: 25.134 GC heap before
{Heap before GC invocations=8 (full 2):
 PSYoungGen      total 184832K, used 5172K [0x00000000e0000000, 0x00000000f0200000, 0x0000000100000000)
  eden space 169984K, 0% used [0x00000000e0000000,0x00000000e0000000,0x00000000ea600000)
  from space 14848K, 34% used [0x00000000eb480000,0x00000000eb98d398,0x00000000ec300000)
  to   space 14848K, 0% used [0x00000000ea600000,0x00000000ea600000,0x00000000eb480000)
 ParOldGen       total 64512K, used 22864K [0x00000000a0000000, 0x00000000a3f00000, 0x00000000e0000000)
  object space 64512K, 35% used [0x00000000a0000000,0x00000000a16542c0,0x00000000a3f00000)
 Metaspace       used 34522K, capacity 35270K, committed 35416K, reserved 1079296K
  class space    used 4663K, capacity 4886K, committed 4952K, reserved 1048576K
Event: 25.219 GC heap after
Heap after GC invocations=8 (full 2):
 PSYoungGen      total 184832K, used 0K [0x00000000e0000000, 0x00000000f0200000, 0x0000000100000000)
  eden space 169984K, 0% used [0x00000000e0000000,0x00000000e0000000,0x00000000ea600000)
  from space 14848K, 0% used [0x00000000eb480000,0x00000000eb480000,0x00000000ec300000)
  to   space 14848K, 0% used [0x00000000ea600000,0x00000000ea600000,0x00000000eb480000)
 ParOldGen       total 75776K, used 13824K [0x00000000a0000000, 0x00000000a4a00000, 0x00000000e0000000)
  object space 75776K, 18% used [0x00000000a0000000,0x00000000a0d80020,0x00000000a4a00000)
 Metaspace       used 34522K, capacity 35270K, committed 35416K, reserved 1079296K
  class space    used 4663K, capacity 4886K, committed 4952K, reserved 1048576K
}
Event: 32.558 GC heap before
{Heap before GC invocations=9 (full 2):
 PSYoungGen      total 184832K, used 169984K [0x00000000e0000000, 0x00000000f0200000, 0x0000000100000000)
  eden space 169984K, 100% used [0x00000000e0000000,0x00000000ea600000,0x00000000ea600000)
  from space 14848K, 0% used [0x00000000eb480000,0x00000000eb480000,0x00000000ec300000)
  to   space 14848K, 0% used [0x00000000ea600000,0x00000000ea600000,0x00000000eb480000)
 ParOldGen       total 75776K, used 13824K [0x00000000a0000000, 0x00000000a4a00000, 0x00000000e0000000)
  object space 75776K, 18% used [0x00000000a0000000,0x00000000a0d80020,0x00000000a4a00000)
 Metaspace       used 44648K, capacity 45842K, committed 46040K, reserved 1089536K
  class space    used 5971K, capacity 6265K, committed 6360K, reserved 1048576K
Event: 32.574 GC heap after
Heap after GC invocations=9 (full 2):
 PSYoungGen      total 184832K, used 14389K [0x00000000e0000000, 0x00000000f4500000, 0x0000000100000000)
  eden space 169984K, 0% used [0x00000000e0000000,0x00000000e0000000,0x00000000ea600000)
  from space 14848K, 96% used [0x00000000ea600000,0x00000000eb40d688,0x00000000eb480000)
  to   space 16896K, 0% used [0x00000000f3480000,0x00000000f3480000,0x00000000f4500000)
 ParOldGen       total 75776K, used 13832K [0x00000000a0000000, 0x00000000a4a00000, 0x00000000e0000000)
  object space 75776K, 18% used [0x00000000a0000000,0x00000000a0d82020,0x00000000a4a00000)
 Metaspace       used 44648K, capacity 45842K, committed 46040K, reserved 1089536K
  class space    used 5971K, capacity 6265K, committed 6360K, reserved 1048576K
}
Event: 36.893 GC heap before
{Heap before GC invocations=10 (full 2):
 PSYoungGen      total 184832K, used 184373K [0x00000000e0000000, 0x00000000f4500000, 0x0000000100000000)
  eden space 169984K, 100% used [0x00000000e0000000,0x00000000ea600000,0x00000000ea600000)
  from space 14848K, 96% used [0x00000000ea600000,0x00000000eb40d688,0x00000000eb480000)
  to   space 16896K, 0% used [0x00000000f3480000,0x00000000f3480000,0x00000000f4500000)
 ParOldGen       total 75776K, used 13832K [0x00000000a0000000, 0x00000000a4a00000, 0x00000000e0000000)
  object space 75776K, 18% used [0x00000000a0000000,0x00000000a0d82020,0x00000000a4a00000)
 Metaspace       used 50795K, capacity 52684K, committed 52824K, reserved 1095680K
  class space    used 6977K, capacity 7387K, committed 7512K, reserved 1048576K
Event: 36.945 GC heap after
Heap after GC invocations=10 (full 2):
 PSYoungGen      total 307712K, used 16896K [0x00000000e0000000, 0x00000000f5100000, 0x0000000100000000)
  eden space 290816K, 0% used [0x00000000e0000000,0x00000000e0000000,0x00000000f1c00000)
  from space 16896K, 100% used [0x00000000f3480000,0x00000000f4500000,0x00000000f4500000)
  to   space 25088K, 0% used [0x00000000f1c00000,0x00000000f1c00000,0x00000000f3480000)
 ParOldGen       total 75776K, used 25969K [0x00000000a0000000, 0x00000000a4a00000, 0x00000000e0000000)
  object space 75776K, 34% used [0x00000000a0000000,0x00000000a195c788,0x00000000a4a00000)
 Metaspace       used 50795K, capacity 52684K, committed 52824K, reserved 1095680K
  class space    used 6977K, capacity 7387K, committed 7512K, reserved 1048576K
}
Event: 58.926 GC heap before
{Heap before GC invocations=11 (full 2):
 PSYoungGen      total 307712K, used 246042K [0x00000000e0000000, 0x00000000f5100000, 0x0000000100000000)
  eden space 290816K, 78% used [0x00000000e0000000,0x00000000edfc6848,0x00000000f1c00000)
  from space 16896K, 100% used [0x00000000f3480000,0x00000000f4500000,0x00000000f4500000)
  to   space 25088K, 0% used [0x00000000f1c00000,0x00000000f1c00000,0x00000000f3480000)
 ParOldGen       total 75776K, used 25969K [0x00000000a0000000, 0x00000000a4a00000, 0x00000000e0000000)
  object space 75776K, 34% used [0x00000000a0000000,0x00000000a195c788,0x00000000a4a00000)
 Metaspace       used 56600K, capacity 58972K, committed 59028K, reserved 1099776K
  class space    used 7630K, capacity 8151K, committed 8152K, reserved 1048576K
Event: 58.999 GC heap after
Heap after GC invocations=11 (full 2):
 PSYoungGen      total 315904K, used 25061K [0x00000000e0000000, 0x00000000fd180000, 0x0000000100000000)
  eden space 290816K, 0% used [0x00000000e0000000,0x00000000e0000000,0x00000000f1c00000)
  from space 25088K, 99% used [0x00000000f1c00000,0x00000000f3479470,0x00000000f3480000)
  to   space 32768K, 0% used [0x00000000fb180000,0x00000000fb180000,0x00000000fd180000)
 ParOldGen       total 75776K, used 35747K [0x00000000a0000000, 0x00000000a4a00000, 0x00000000e0000000)
  object space 75776K, 47% used [0x00000000a0000000,0x00000000a22e8d00,0x00000000a4a00000)
 Metaspace       used 56600K, capacity 58972K, committed 59028K, reserved 1099776K
  class space    used 7630K, capacity 8151K, committed 8152K, reserved 1048576K
}
Event: 58.999 GC heap before
{Heap before GC invocations=12 (full 3):
 PSYoungGen      total 315904K, used 25061K [0x00000000e0000000, 0x00000000fd180000, 0x0000000100000000)
  eden space 290816K, 0% used [0x00000000e0000000,0x00000000e0000000,0x00000000f1c00000)
  from space 25088K, 99% used [0x00000000f1c00000,0x00000000f3479470,0x00000000f3480000)
  to   space 32768K, 0% used [0x00000000fb180000,0x00000000fb180000,0x00000000fd180000)
 ParOldGen       total 75776K, used 35747K [0x00000000a0000000, 0x00000000a4a00000, 0x00000000e0000000)
  object space 75776K, 47% used [0x00000000a0000000,0x00000000a22e8d00,0x00000000a4a00000)
 Metaspace       used 56600K, capacity 58972K, committed 59028K, reserved 1099776K
  class space    used 7630K, capacity 8151K, committed 8152K, reserved 1048576K
Event: 59.402 GC heap after
Heap after GC invocations=12 (full 3):
 PSYoungGen      total 315904K, used 0K [0x00000000e0000000, 0x00000000fd180000, 0x0000000100000000)
  eden space 290816K, 0% used [0x00000000e0000000,0x00000000e0000000,0x00000000f1c00000)
  from space 25088K, 0% used [0x00000000f1c00000,0x00000000f1c00000,0x00000000f3480000)
  to   space 32768K, 0% used [0x00000000fb180000,0x00000000fb180000,0x00000000fd180000)
 ParOldGen       total 132608K, used 54011K [0x00000000a0000000, 0x00000000a8180000, 0x00000000e0000000)
  object space 132608K, 40% used [0x00000000a0000000,0x00000000a34beed0,0x00000000a8180000)
 Metaspace       used 56600K, capacity 58972K, committed 59028K, reserved 1099776K
  class space    used 7630K, capacity 8151K, committed 8152K, reserved 1048576K
}

